{"/Users/ayushagrawal/code/Investec/App.js": {"path":"/Users/ayushagrawal/code/Investec/App.js","statementMap":{"0":{"start":{"line":15,"column":42},"end":{"line":15,"column":66}},"1":{"start":{"line":17,"column":49},"end":{"line":30,"column":1}},"2":{"start":{"line":19,"column":25},"end":{"line":21,"column":5}},"3":{"start":{"line":20,"column":8},"end":{"line":20,"column":32}},"4":{"start":{"line":23,"column":4},"end":{"line":29,"column":6}}},"fnMap":{"0":{"name":"(anonymous_0)","decl":{"start":{"line":17,"column":49},"end":{"line":17,"column":50}},"loc":{"start":{"line":17,"column":55},"end":{"line":30,"column":1}},"line":17},"1":{"name":"(anonymous_1)","decl":{"start":{"line":19,"column":25},"end":{"line":19,"column":26}},"loc":{"start":{"line":19,"column":30},"end":{"line":21,"column":5}},"line":19}},"branchMap":{},"s":{"0":1,"1":1,"2":1,"3":1,"4":1},"f":{"0":1,"1":1},"b":{},"_coverageSchema":"1a1c01bbd47fc00a2c39e90264f33305004495a9","hash":"264ed754d74818e8846f2bce99cec3cc805767eb"}
,"/Users/ayushagrawal/code/Investec/src/@Constants/Colors.js": {"path":"/Users/ayushagrawal/code/Investec/src/@Constants/Colors.js","statementMap":{"0":{"start":{"line":2,"column":15},"end":{"line":10,"column":1}}},"fnMap":{},"branchMap":{},"s":{"0":5},"f":{},"b":{},"_coverageSchema":"1a1c01bbd47fc00a2c39e90264f33305004495a9","hash":"eafb47a485ba41781eb53b4f10c5025bdeb36c1a"}
,"/Users/ayushagrawal/code/Investec/src/@GlobalComponents/Buttons/SwipeButton.js": {"path":"/Users/ayushagrawal/code/Investec/src/@GlobalComponents/Buttons/SwipeButton.js","statementMap":{"0":{"start":{"line":12,"column":37},"end":{"line":12,"column":43}},"1":{"start":{"line":14,"column":27},"end":{"line":39,"column":1}},"2":{"start":{"line":18,"column":4},"end":{"line":38,"column":6}},"3":{"start":{"line":43,"column":24},"end":{"line":58,"column":2}}},"fnMap":{"0":{"name":"(anonymous_0)","decl":{"start":{"line":14,"column":27},"end":{"line":14,"column":28}},"loc":{"start":{"line":17,"column":13},"end":{"line":39,"column":1}},"line":17}},"branchMap":{},"s":{"0":2,"1":2,"2":3,"3":2},"f":{"0":3},"b":{},"_coverageSchema":"1a1c01bbd47fc00a2c39e90264f33305004495a9","hash":"34aa75f1148672e06b0652e11e6a5ce2e8e41849"}
,"/Users/ayushagrawal/code/Investec/src/@GlobalComponents/Buttons/index.js": {"path":"/Users/ayushagrawal/code/Investec/src/@GlobalComponents/Buttons/index.js","statementMap":{"0":{"start":{"line":11,"column":23},"end":{"line":11,"column":29}},"1":{"start":{"line":14,"column":22},"end":{"line":23,"column":1}},"2":{"start":{"line":18,"column":4},"end":{"line":22,"column":6}},"3":{"start":{"line":27,"column":24},"end":{"line":42,"column":2}}},"fnMap":{"0":{"name":"(anonymous_0)","decl":{"start":{"line":14,"column":22},"end":{"line":14,"column":23}},"loc":{"start":{"line":17,"column":14},"end":{"line":23,"column":1}},"line":17}},"branchMap":{"0":{"loc":{"start":{"line":19,"column":73},"end":{"line":19,"column":88}},"type":"cond-expr","locations":[{"start":{"line":19,"column":84},"end":{"line":19,"column":86}},{"start":{"line":19,"column":87},"end":{"line":19,"column":88}}],"line":19}},"s":{"0":5,"1":5,"2":38,"3":5},"f":{"0":38},"b":{"0":[3,35]},"_coverageSchema":"1a1c01bbd47fc00a2c39e90264f33305004495a9","hash":"452e2aa8abac9e6563ffe58e40d226799f5b6693"}
,"/Users/ayushagrawal/code/Investec/src/@GlobalComponents/ScreenLoader/index.js": {"path":"/Users/ayushagrawal/code/Investec/src/@GlobalComponents/ScreenLoader/index.js","statementMap":{"0":{"start":{"line":11,"column":14},"end":{"line":11,"column":20}},"1":{"start":{"line":13,"column":21},"end":{"line":20,"column":1}},"2":{"start":{"line":14,"column":4},"end":{"line":19,"column":6}},"3":{"start":{"line":24,"column":15},"end":{"line":26,"column":2}}},"fnMap":{"0":{"name":"(anonymous_0)","decl":{"start":{"line":13,"column":21},"end":{"line":13,"column":22}},"loc":{"start":{"line":13,"column":61},"end":{"line":20,"column":1}},"line":13}},"branchMap":{"0":{"loc":{"start":{"line":13,"column":23},"end":{"line":13,"column":32}},"type":"default-arg","locations":[{"start":{"line":13,"column":30},"end":{"line":13,"column":32}}],"line":13}},"s":{"0":1,"1":1,"2":1,"3":1},"f":{"0":1},"b":{"0":[1]},"_coverageSchema":"1a1c01bbd47fc00a2c39e90264f33305004495a9","hash":"32492b2837dec0d5f3f3305f192424b9fe2a7f90"}
,"/Users/ayushagrawal/code/Investec/src/@Redux/actions/userActions.js": {"path":"/Users/ayushagrawal/code/Investec/src/@Redux/actions/userActions.js","statementMap":{"0":{"start":{"line":11,"column":29},"end":{"line":16,"column":1}},"1":{"start":{"line":12,"column":4},"end":{"line":15,"column":6}}},"fnMap":{"0":{"name":"(anonymous_0)","decl":{"start":{"line":11,"column":29},"end":{"line":11,"column":30}},"loc":{"start":{"line":11,"column":72},"end":{"line":16,"column":1}},"line":11}},"branchMap":{"0":{"loc":{"start":{"line":11,"column":30},"end":{"line":11,"column":51}},"type":"default-arg","locations":[{"start":{"line":11,"column":49},"end":{"line":11,"column":51}}],"line":11}},"s":{"0":3,"1":1},"f":{"0":1},"b":{"0":[0]},"_coverageSchema":"1a1c01bbd47fc00a2c39e90264f33305004495a9","hash":"5745e82e329f1237b5dbcca8403864c2f38f52c9"}
,"/Users/ayushagrawal/code/Investec/src/@Redux/constants/user.constant.js": {"path":"/Users/ayushagrawal/code/Investec/src/@Redux/constants/user.constant.js","statementMap":{"0":{"start":{"line":7,"column":32},"end":{"line":7,"column":50}}},"fnMap":{},"branchMap":{},"s":{"0":3},"f":{},"b":{},"_coverageSchema":"1a1c01bbd47fc00a2c39e90264f33305004495a9","hash":"1018391dce390b6f5997893031396c8a86d16a16"}
,"/Users/ayushagrawal/code/Investec/src/@Redux/reducers/index.js": {"path":"/Users/ayushagrawal/code/Investec/src/@Redux/reducers/index.js","statementMap":{"0":{"start":{"line":13,"column":15},"end":{"line":19,"column":1}},"1":{"start":{"line":23,"column":20},"end":{"line":25,"column":1}},"2":{"start":{"line":27,"column":19},"end":{"line":27,"column":61}},"3":{"start":{"line":29,"column":35},"end":{"line":31,"column":1}},"4":{"start":{"line":30,"column":4},"end":{"line":30,"column":37}}},"fnMap":{"0":{"name":"(anonymous_0)","decl":{"start":{"line":29,"column":35},"end":{"line":29,"column":36}},"loc":{"start":{"line":29,"column":80},"end":{"line":31,"column":1}},"line":29}},"branchMap":{},"s":{"0":1,"1":1,"2":1,"3":1,"4":2},"f":{"0":2},"b":{},"_coverageSchema":"1a1c01bbd47fc00a2c39e90264f33305004495a9","hash":"4c365f8d8b78ec0e75a3f6debf4f3861c37f56da"}
,"/Users/ayushagrawal/code/Investec/src/@Redux/reducers/userReducer.js": {"path":"/Users/ayushagrawal/code/Investec/src/@Redux/reducers/userReducer.js","statementMap":{"0":{"start":{"line":13,"column":21},"end":{"line":15,"column":1}},"1":{"start":{"line":18,"column":21},"end":{"line":28,"column":1}},"2":{"start":{"line":19,"column":28},"end":{"line":19,"column":34}},"3":{"start":{"line":20,"column":4},"end":{"line":27,"column":5}},"4":{"start":{"line":23,"column":8},"end":{"line":23,"column":43}},"5":{"start":{"line":26,"column":8},"end":{"line":26,"column":21}}},"fnMap":{"0":{"name":"(anonymous_0)","decl":{"start":{"line":18,"column":21},"end":{"line":18,"column":22}},"loc":{"start":{"line":18,"column":85},"end":{"line":28,"column":1}},"line":18}},"branchMap":{"0":{"loc":{"start":{"line":18,"column":22},"end":{"line":18,"column":51}},"type":"default-arg","locations":[{"start":{"line":18,"column":39},"end":{"line":18,"column":51}}],"line":18},"1":{"loc":{"start":{"line":20,"column":4},"end":{"line":27,"column":5}},"type":"switch","locations":[{"start":{"line":22,"column":4},"end":{"line":23,"column":43}},{"start":{"line":25,"column":4},"end":{"line":26,"column":21}}],"line":20}},"s":{"0":1,"1":1,"2":4,"3":4,"4":0,"5":4},"f":{"0":4},"b":{"0":[3],"1":[0,4]},"_coverageSchema":"1a1c01bbd47fc00a2c39e90264f33305004495a9","hash":"b513c8335690d349fd1bd1c682cf0effc139f021"}
,"/Users/ayushagrawal/code/Investec/src/@Redux/store/index.js": {"path":"/Users/ayushagrawal/code/Investec/src/@Redux/store/index.js","statementMap":{"0":{"start":{"line":10,"column":29},"end":{"line":12,"column":1}}},"fnMap":{},"branchMap":{},"s":{"0":1},"f":{},"b":{},"_coverageSchema":"1a1c01bbd47fc00a2c39e90264f33305004495a9","hash":"550bb23ca3222f8ddf9c9568abf0db32e83d01e8"}
,"/Users/ayushagrawal/code/Investec/src/@Routing/AuthStack.js": {"path":"/Users/ayushagrawal/code/Investec/src/@Routing/AuthStack.js","statementMap":{"0":{"start":{"line":14,"column":21},"end":{"line":38,"column":1}},"1":{"start":{"line":40,"column":29},"end":{"line":40,"column":61}}},"fnMap":{},"branchMap":{},"s":{"0":1,"1":1},"f":{},"b":{},"_coverageSchema":"1a1c01bbd47fc00a2c39e90264f33305004495a9","hash":"e365fa566d9e58e6274e3d025a2809f32233a4bb"}
,"/Users/ayushagrawal/code/Investec/src/@Routing/index.js": {"path":"/Users/ayushagrawal/code/Investec/src/@Routing/index.js","statementMap":{"0":{"start":{"line":10,"column":18},"end":{"line":16,"column":1}},"1":{"start":{"line":18,"column":35},"end":{"line":18,"column":64}}},"fnMap":{},"branchMap":{},"s":{"0":1,"1":1},"f":{},"b":{},"_coverageSchema":"1a1c01bbd47fc00a2c39e90264f33305004495a9","hash":"57a3f521021c97ca5c22fb1719ac31c8034af503"}
,"/Users/ayushagrawal/code/Investec/src/@Screens/Auth/Buttons/index.js": {"path":"/Users/ayushagrawal/code/Investec/src/@Screens/Auth/Buttons/index.js","statementMap":{"0":{"start":{"line":16,"column":41},"end":{"line":16,"column":47}},"1":{"start":{"line":17,"column":21},"end":{"line":17,"column":136}},"2":{"start":{"line":17,"column":27},"end":{"line":17,"column":136}},"3":{"start":{"line":25,"column":21},"end":{"line":75,"column":1}},"4":{"start":{"line":27,"column":60},"end":{"line":27,"column":65}},"5":{"start":{"line":28,"column":38},"end":{"line":28,"column":53}},"6":{"start":{"line":30,"column":29},"end":{"line":35,"column":5}},"7":{"start":{"line":31,"column":8},"end":{"line":31,"column":28}},"8":{"start":{"line":32,"column":8},"end":{"line":32,"column":25}},"9":{"start":{"line":33,"column":8},"end":{"line":33,"column":41}},"10":{"start":{"line":34,"column":8},"end":{"line":34,"column":26}},"11":{"start":{"line":37,"column":24},"end":{"line":58,"column":5}},"12":{"start":{"line":38,"column":8},"end":{"line":57,"column":10}},"13":{"start":{"line":42,"column":20},"end":{"line":42,"column":40}},"14":{"start":{"line":49,"column":104},"end":{"line":49,"column":123}},"15":{"start":{"line":51,"column":117},"end":{"line":51,"column":155}},"16":{"start":{"line":52,"column":118},"end":{"line":52,"column":157}},"17":{"start":{"line":54,"column":121},"end":{"line":54,"column":140}},"18":{"start":{"line":60,"column":4},"end":{"line":74,"column":6}},"19":{"start":{"line":67,"column":111},"end":{"line":67,"column":129}},"20":{"start":{"line":68,"column":110},"end":{"line":68,"column":128}},"21":{"start":{"line":69,"column":69},"end":{"line":69,"column":87}},"22":{"start":{"line":70,"column":78},"end":{"line":70,"column":96}},"23":{"start":{"line":79,"column":23},"end":{"line":83,"column":1}},"24":{"start":{"line":80,"column":4},"end":{"line":82,"column":6}},"25":{"start":{"line":85,"column":32},"end":{"line":88,"column":2}},"26":{"start":{"line":85,"column":45},"end":{"line":88,"column":1}},"27":{"start":{"line":87,"column":8},"end":{"line":87,"column":54}}},"fnMap":{"0":{"name":"(anonymous_0)","decl":{"start":{"line":17,"column":21},"end":{"line":17,"column":22}},"loc":{"start":{"line":17,"column":27},"end":{"line":17,"column":136}},"line":17},"1":{"name":"(anonymous_1)","decl":{"start":{"line":25,"column":21},"end":{"line":25,"column":22}},"loc":{"start":{"line":25,"column":42},"end":{"line":75,"column":1}},"line":25},"2":{"name":"(anonymous_2)","decl":{"start":{"line":30,"column":29},"end":{"line":30,"column":30}},"loc":{"start":{"line":30,"column":34},"end":{"line":35,"column":5}},"line":30},"3":{"name":"(anonymous_3)","decl":{"start":{"line":37,"column":24},"end":{"line":37,"column":25}},"loc":{"start":{"line":37,"column":29},"end":{"line":58,"column":5}},"line":37},"4":{"name":"(anonymous_4)","decl":{"start":{"line":41,"column":32},"end":{"line":41,"column":33}},"loc":{"start":{"line":41,"column":38},"end":{"line":43,"column":17}},"line":41},"5":{"name":"(anonymous_5)","decl":{"start":{"line":49,"column":100},"end":{"line":49,"column":101}},"loc":{"start":{"line":49,"column":104},"end":{"line":49,"column":123}},"line":49},"6":{"name":"(anonymous_6)","decl":{"start":{"line":51,"column":112},"end":{"line":51,"column":113}},"loc":{"start":{"line":51,"column":116},"end":{"line":51,"column":156}},"line":51},"7":{"name":"(anonymous_7)","decl":{"start":{"line":52,"column":113},"end":{"line":52,"column":114}},"loc":{"start":{"line":52,"column":117},"end":{"line":52,"column":158}},"line":52},"8":{"name":"(anonymous_8)","decl":{"start":{"line":54,"column":116},"end":{"line":54,"column":117}},"loc":{"start":{"line":54,"column":120},"end":{"line":54,"column":141}},"line":54},"9":{"name":"(anonymous_9)","decl":{"start":{"line":67,"column":107},"end":{"line":67,"column":108}},"loc":{"start":{"line":67,"column":111},"end":{"line":67,"column":129}},"line":67},"10":{"name":"(anonymous_10)","decl":{"start":{"line":68,"column":106},"end":{"line":68,"column":107}},"loc":{"start":{"line":68,"column":110},"end":{"line":68,"column":128}},"line":68},"11":{"name":"(anonymous_11)","decl":{"start":{"line":69,"column":65},"end":{"line":69,"column":66}},"loc":{"start":{"line":69,"column":69},"end":{"line":69,"column":87}},"line":69},"12":{"name":"(anonymous_12)","decl":{"start":{"line":70,"column":74},"end":{"line":70,"column":75}},"loc":{"start":{"line":70,"column":78},"end":{"line":70,"column":96}},"line":70},"13":{"name":"(anonymous_13)","decl":{"start":{"line":79,"column":23},"end":{"line":79,"column":24}},"loc":{"start":{"line":79,"column":51},"end":{"line":83,"column":1}},"line":79},"14":{"name":"(anonymous_14)","decl":{"start":{"line":85,"column":32},"end":{"line":85,"column":33}},"loc":{"start":{"line":85,"column":45},"end":{"line":88,"column":1}},"line":85},"15":{"name":"(anonymous_15)","decl":{"start":{"line":86,"column":19},"end":{"line":86,"column":20}},"loc":{"start":{"line":87,"column":8},"end":{"line":87,"column":54}},"line":87}},"branchMap":{"0":{"loc":{"start":{"line":64,"column":16},"end":{"line":64,"column":92}},"type":"binary-expr","locations":[{"start":{"line":64,"column":17},"end":{"line":64,"column":30}},{"start":{"line":64,"column":35},"end":{"line":64,"column":92}}],"line":64}},"s":{"0":2,"1":2,"2":0,"3":2,"4":3,"5":3,"6":3,"7":0,"8":0,"9":0,"10":0,"11":3,"12":3,"13":0,"14":0,"15":0,"16":0,"17":0,"18":3,"19":1,"20":0,"21":0,"22":0,"23":2,"24":2,"25":2,"26":2,"27":0},"f":{"0":0,"1":3,"2":0,"3":3,"4":0,"5":0,"6":0,"7":0,"8":0,"9":1,"10":0,"11":0,"12":0,"13":2,"14":2,"15":0},"b":{"0":[3,3]},"_coverageSchema":"1a1c01bbd47fc00a2c39e90264f33305004495a9","hash":"5c5fb0ffa6eca2c9edf947389a4e0b22d06c6972"}
,"/Users/ayushagrawal/code/Investec/src/@Screens/Auth/Buttons/styles.js": {"path":"/Users/ayushagrawal/code/Investec/src/@Screens/Auth/Buttons/styles.js","statementMap":{"0":{"start":{"line":9,"column":26},"end":{"line":9,"column":32}},"1":{"start":{"line":12,"column":24},"end":{"line":81,"column":2}}},"fnMap":{},"branchMap":{},"s":{"0":2,"1":2},"f":{},"b":{},"_coverageSchema":"1a1c01bbd47fc00a2c39e90264f33305004495a9","hash":"9ab8e170c75a4507097094afe061541e14710ffa"}
,"/Users/ayushagrawal/code/Investec/src/@Screens/Auth/Login/index.js": {"path":"/Users/ayushagrawal/code/Investec/src/@Screens/Auth/Login/index.js","statementMap":{"0":{"start":{"line":15,"column":17},"end":{"line":15,"column":23}},"1":{"start":{"line":23,"column":20},"end":{"line":78,"column":1}},"2":{"start":{"line":28,"column":8},"end":{"line":28,"column":13}},"3":{"start":{"line":30,"column":28},"end":{"line":30,"column":40}},"4":{"start":{"line":32,"column":23},"end":{"line":44,"column":5}},"5":{"start":{"line":33,"column":8},"end":{"line":33,"column":27}},"6":{"start":{"line":34,"column":8},"end":{"line":43,"column":41}},"7":{"start":{"line":36,"column":12},"end":{"line":36,"column":33}},"8":{"start":{"line":37,"column":12},"end":{"line":37,"column":24}},"9":{"start":{"line":43,"column":12},"end":{"line":43,"column":41}},"10":{"start":{"line":46,"column":26},"end":{"line":64,"column":5}},"11":{"start":{"line":47,"column":8},"end":{"line":63,"column":15}},"12":{"start":{"line":52,"column":20},"end":{"line":52,"column":33}},"13":{"start":{"line":54,"column":39},"end":{"line":54,"column":51}},"14":{"start":{"line":62,"column":114},"end":{"line":62,"column":126}},"15":{"start":{"line":66,"column":4},"end":{"line":77,"column":6}},"16":{"start":{"line":73,"column":73},"end":{"line":73,"column":92}},"17":{"start":{"line":74,"column":73},"end":{"line":74,"column":91}},"18":{"start":{"line":80,"column":23},"end":{"line":82,"column":1}},"19":{"start":{"line":81,"column":4},"end":{"line":81,"column":14}},"20":{"start":{"line":84,"column":26},"end":{"line":87,"column":2}},"21":{"start":{"line":84,"column":39},"end":{"line":87,"column":1}},"22":{"start":{"line":86,"column":8},"end":{"line":86,"column":54}}},"fnMap":{"0":{"name":"(anonymous_0)","decl":{"start":{"line":23,"column":20},"end":{"line":23,"column":21}},"loc":{"start":{"line":23,"column":41},"end":{"line":78,"column":1}},"line":23},"1":{"name":"(anonymous_1)","decl":{"start":{"line":32,"column":23},"end":{"line":32,"column":24}},"loc":{"start":{"line":32,"column":28},"end":{"line":44,"column":5}},"line":32},"2":{"name":"(anonymous_2)","decl":{"start":{"line":46,"column":26},"end":{"line":46,"column":27}},"loc":{"start":{"line":47,"column":8},"end":{"line":63,"column":15}},"line":47},"3":{"name":"(anonymous_3)","decl":{"start":{"line":51,"column":30},"end":{"line":51,"column":31}},"loc":{"start":{"line":51,"column":37},"end":{"line":53,"column":17}},"line":51},"4":{"name":"(anonymous_4)","decl":{"start":{"line":54,"column":33},"end":{"line":54,"column":34}},"loc":{"start":{"line":54,"column":39},"end":{"line":54,"column":51}},"line":54},"5":{"name":"(anonymous_5)","decl":{"start":{"line":62,"column":110},"end":{"line":62,"column":111}},"loc":{"start":{"line":62,"column":114},"end":{"line":62,"column":126}},"line":62},"6":{"name":"(anonymous_6)","decl":{"start":{"line":73,"column":69},"end":{"line":73,"column":70}},"loc":{"start":{"line":73,"column":73},"end":{"line":73,"column":92}},"line":73},"7":{"name":"(anonymous_7)","decl":{"start":{"line":74,"column":69},"end":{"line":74,"column":70}},"loc":{"start":{"line":74,"column":73},"end":{"line":74,"column":91}},"line":74},"8":{"name":"(anonymous_8)","decl":{"start":{"line":80,"column":23},"end":{"line":80,"column":24}},"loc":{"start":{"line":80,"column":28},"end":{"line":82,"column":1}},"line":80},"9":{"name":"(anonymous_9)","decl":{"start":{"line":84,"column":26},"end":{"line":84,"column":27}},"loc":{"start":{"line":84,"column":39},"end":{"line":87,"column":1}},"line":84},"10":{"name":"(anonymous_10)","decl":{"start":{"line":85,"column":19},"end":{"line":85,"column":20}},"loc":{"start":{"line":86,"column":8},"end":{"line":86,"column":54}},"line":86}},"branchMap":{"0":{"loc":{"start":{"line":34,"column":8},"end":{"line":43,"column":41}},"type":"if","locations":[{"start":{"line":34,"column":8},"end":{"line":43,"column":41}},{"start":{"line":34,"column":8},"end":{"line":43,"column":41}}],"line":34}},"s":{"0":2,"1":2,"2":4,"3":4,"4":4,"5":1,"6":1,"7":1,"8":1,"9":0,"10":4,"11":4,"12":1,"13":0,"14":1,"15":4,"16":1,"17":1,"18":2,"19":2,"20":2,"21":2,"22":1},"f":{"0":4,"1":1,"2":4,"3":1,"4":0,"5":1,"6":1,"7":1,"8":2,"9":2,"10":1},"b":{"0":[1,0]},"_coverageSchema":"1a1c01bbd47fc00a2c39e90264f33305004495a9","hash":"42b8aec91a437c93380d73feccd80cbe1cc88713"}
,"/Users/ayushagrawal/code/Investec/src/@Screens/Auth/Login/styles.js": {"path":"/Users/ayushagrawal/code/Investec/src/@Screens/Auth/Login/styles.js","statementMap":{"0":{"start":{"line":9,"column":22},"end":{"line":59,"column":2}}},"fnMap":{},"branchMap":{},"s":{"0":2},"f":{},"b":{},"_coverageSchema":"1a1c01bbd47fc00a2c39e90264f33305004495a9","hash":"84c34dc0e8af732e45a46fda69caa07db6b83bab"}
,"/Users/ayushagrawal/code/Investec/src/@Screens/Auth/Native/index.js": {"path":"/Users/ayushagrawal/code/Investec/src/@Screens/Auth/Native/index.js","statementMap":{"0":{"start":{"line":13,"column":16},"end":{"line":13,"column":22}},"1":{"start":{"line":15,"column":42},"end":{"line":15,"column":55}},"2":{"start":{"line":16,"column":27},"end":{"line":16,"column":45}},"3":{"start":{"line":17,"column":23},"end":{"line":17,"column":35}},"4":{"start":{"line":26,"column":21},"end":{"line":68,"column":1}},"5":{"start":{"line":28,"column":45},"end":{"line":28,"column":50}},"6":{"start":{"line":29,"column":43},"end":{"line":29,"column":58}},"7":{"start":{"line":31,"column":4},"end":{"line":33,"column":10}},"8":{"start":{"line":32,"column":8},"end":{"line":32,"column":22}},"9":{"start":{"line":36,"column":24},"end":{"line":43,"column":5}},"10":{"start":{"line":37,"column":25},"end":{"line":37,"column":30}},"11":{"start":{"line":38,"column":8},"end":{"line":41,"column":64}},"12":{"start":{"line":39,"column":12},"end":{"line":39,"column":60}},"13":{"start":{"line":41,"column":12},"end":{"line":41,"column":64}},"14":{"start":{"line":42,"column":8},"end":{"line":42,"column":35}},"15":{"start":{"line":45,"column":23},"end":{"line":53,"column":5}},"16":{"start":{"line":46,"column":8},"end":{"line":51,"column":14}},"17":{"start":{"line":47,"column":12},"end":{"line":51,"column":14}},"18":{"start":{"line":52,"column":8},"end":{"line":52,"column":20}},"19":{"start":{"line":55,"column":4},"end":{"line":67,"column":6}},"20":{"start":{"line":63,"column":73},"end":{"line":63,"column":92}},"21":{"start":{"line":64,"column":71},"end":{"line":64,"column":88}},"22":{"start":{"line":70,"column":23},"end":{"line":74,"column":1}},"23":{"start":{"line":71,"column":4},"end":{"line":73,"column":6}}},"fnMap":{"0":{"name":"(anonymous_0)","decl":{"start":{"line":26,"column":21},"end":{"line":26,"column":22}},"loc":{"start":{"line":26,"column":44},"end":{"line":68,"column":1}},"line":26},"1":{"name":"(anonymous_1)","decl":{"start":{"line":31,"column":14},"end":{"line":31,"column":15}},"loc":{"start":{"line":31,"column":18},"end":{"line":33,"column":5}},"line":31},"2":{"name":"(anonymous_2)","decl":{"start":{"line":36,"column":24},"end":{"line":36,"column":25}},"loc":{"start":{"line":36,"column":34},"end":{"line":43,"column":5}},"line":36},"3":{"name":"(anonymous_3)","decl":{"start":{"line":45,"column":23},"end":{"line":45,"column":24}},"loc":{"start":{"line":45,"column":28},"end":{"line":53,"column":5}},"line":45},"4":{"name":"(anonymous_4)","decl":{"start":{"line":63,"column":69},"end":{"line":63,"column":70}},"loc":{"start":{"line":63,"column":73},"end":{"line":63,"column":92}},"line":63},"5":{"name":"(anonymous_5)","decl":{"start":{"line":64,"column":67},"end":{"line":64,"column":68}},"loc":{"start":{"line":64,"column":71},"end":{"line":64,"column":88}},"line":64},"6":{"name":"(anonymous_6)","decl":{"start":{"line":70,"column":23},"end":{"line":70,"column":24}},"loc":{"start":{"line":70,"column":51},"end":{"line":74,"column":1}},"line":70}},"branchMap":{"0":{"loc":{"start":{"line":38,"column":8},"end":{"line":41,"column":64}},"type":"if","locations":[{"start":{"line":38,"column":8},"end":{"line":41,"column":64}},{"start":{"line":38,"column":8},"end":{"line":41,"column":64}}],"line":38},"1":{"loc":{"start":{"line":46,"column":8},"end":{"line":51,"column":14}},"type":"if","locations":[{"start":{"line":46,"column":8},"end":{"line":51,"column":14}},{"start":{"line":46,"column":8},"end":{"line":51,"column":14}}],"line":46},"2":{"loc":{"start":{"line":49,"column":73},"end":{"line":49,"column":121}},"type":"cond-expr","locations":[{"start":{"line":49,"column":97},"end":{"line":49,"column":108}},{"start":{"line":49,"column":111},"end":{"line":49,"column":121}}],"line":49},"3":{"loc":{"start":{"line":59,"column":16},"end":{"line":59,"column":92}},"type":"binary-expr","locations":[{"start":{"line":59,"column":17},"end":{"line":59,"column":30}},{"start":{"line":59,"column":35},"end":{"line":59,"column":92}}],"line":59}},"s":{"0":2,"1":2,"2":2,"3":2,"4":2,"5":2,"6":2,"7":2,"8":2,"9":2,"10":2,"11":2,"12":2,"13":0,"14":0,"15":2,"16":2,"17":0,"18":2,"19":2,"20":0,"21":1,"22":2,"23":2},"f":{"0":2,"1":2,"2":2,"3":2,"4":0,"5":1,"6":2},"b":{"0":[2,0],"1":[0,2],"2":[0,0],"3":[2,2]},"_coverageSchema":"1a1c01bbd47fc00a2c39e90264f33305004495a9","hash":"f09962a8bdbe75cd5ac4d8591fad9809a39b910f"}
,"/Users/ayushagrawal/code/Investec/src/@Screens/Auth/Native/styles.js": {"path":"/Users/ayushagrawal/code/Investec/src/@Screens/Auth/Native/styles.js","statementMap":{"0":{"start":{"line":10,"column":23},"end":{"line":10,"column":29}},"1":{"start":{"line":12,"column":24},"end":{"line":43,"column":2}}},"fnMap":{},"branchMap":{},"s":{"0":2,"1":2},"f":{},"b":{},"_coverageSchema":"1a1c01bbd47fc00a2c39e90264f33305004495a9","hash":"e6e7be5edf89acf3b36ac38666f36b688f781aa9"}
}
