{"/Users/ayushagrawal/code/Investec/App.js": {"path":"/Users/ayushagrawal/code/Investec/App.js","statementMap":{"0":{"start":{"line":15,"column":42},"end":{"line":15,"column":66}},"1":{"start":{"line":17,"column":49},"end":{"line":30,"column":1}},"2":{"start":{"line":19,"column":25},"end":{"line":21,"column":5}},"3":{"start":{"line":20,"column":8},"end":{"line":20,"column":32}},"4":{"start":{"line":23,"column":4},"end":{"line":29,"column":6}}},"fnMap":{"0":{"name":"(anonymous_0)","decl":{"start":{"line":17,"column":49},"end":{"line":17,"column":50}},"loc":{"start":{"line":17,"column":55},"end":{"line":30,"column":1}},"line":17},"1":{"name":"(anonymous_1)","decl":{"start":{"line":19,"column":25},"end":{"line":19,"column":26}},"loc":{"start":{"line":19,"column":30},"end":{"line":21,"column":5}},"line":19}},"branchMap":{},"s":{"0":1,"1":1,"2":1,"3":1,"4":1},"f":{"0":1,"1":1},"b":{},"_coverageSchema":"1a1c01bbd47fc00a2c39e90264f33305004495a9","hash":"264ed754d74818e8846f2bce99cec3cc805767eb"}
,"/Users/ayushagrawal/code/Investec/src/@Constants/Colors.js": {"path":"/Users/ayushagrawal/code/Investec/src/@Constants/Colors.js","statementMap":{"0":{"start":{"line":2,"column":15},"end":{"line":10,"column":1}}},"fnMap":{},"branchMap":{},"s":{"0":6},"f":{},"b":{},"_coverageSchema":"1a1c01bbd47fc00a2c39e90264f33305004495a9","hash":"eafb47a485ba41781eb53b4f10c5025bdeb36c1a"}
,"/Users/ayushagrawal/code/Investec/src/@GlobalComponents/Buttons/SwipeButton.js": {"path":"/Users/ayushagrawal/code/Investec/src/@GlobalComponents/Buttons/SwipeButton.js","statementMap":{"0":{"start":{"line":12,"column":37},"end":{"line":12,"column":43}},"1":{"start":{"line":14,"column":27},"end":{"line":39,"column":1}},"2":{"start":{"line":18,"column":4},"end":{"line":38,"column":6}},"3":{"start":{"line":43,"column":24},"end":{"line":58,"column":2}}},"fnMap":{"0":{"name":"(anonymous_0)","decl":{"start":{"line":14,"column":27},"end":{"line":14,"column":28}},"loc":{"start":{"line":17,"column":13},"end":{"line":39,"column":1}},"line":17}},"branchMap":{},"s":{"0":2,"1":2,"2":3,"3":2},"f":{"0":3},"b":{},"_coverageSchema":"1a1c01bbd47fc00a2c39e90264f33305004495a9","hash":"34aa75f1148672e06b0652e11e6a5ce2e8e41849"}
,"/Users/ayushagrawal/code/Investec/src/@GlobalComponents/Buttons/index.js": {"path":"/Users/ayushagrawal/code/Investec/src/@GlobalComponents/Buttons/index.js","statementMap":{"0":{"start":{"line":11,"column":23},"end":{"line":11,"column":29}},"1":{"start":{"line":14,"column":22},"end":{"line":23,"column":1}},"2":{"start":{"line":18,"column":4},"end":{"line":22,"column":6}},"3":{"start":{"line":27,"column":24},"end":{"line":42,"column":2}}},"fnMap":{"0":{"name":"(anonymous_0)","decl":{"start":{"line":14,"column":22},"end":{"line":14,"column":23}},"loc":{"start":{"line":17,"column":14},"end":{"line":23,"column":1}},"line":17}},"branchMap":{"0":{"loc":{"start":{"line":19,"column":73},"end":{"line":19,"column":88}},"type":"cond-expr","locations":[{"start":{"line":19,"column":84},"end":{"line":19,"column":86}},{"start":{"line":19,"column":87},"end":{"line":19,"column":88}}],"line":19}},"s":{"0":6,"1":6,"2":50,"3":6},"f":{"0":50},"b":{"0":[3,47]},"_coverageSchema":"1a1c01bbd47fc00a2c39e90264f33305004495a9","hash":"452e2aa8abac9e6563ffe58e40d226799f5b6693"}
,"/Users/ayushagrawal/code/Investec/src/@GlobalComponents/ScreenLoader/index.js": {"path":"/Users/ayushagrawal/code/Investec/src/@GlobalComponents/ScreenLoader/index.js","statementMap":{"0":{"start":{"line":11,"column":14},"end":{"line":11,"column":20}},"1":{"start":{"line":13,"column":21},"end":{"line":20,"column":1}},"2":{"start":{"line":14,"column":4},"end":{"line":19,"column":6}},"3":{"start":{"line":24,"column":15},"end":{"line":26,"column":2}}},"fnMap":{"0":{"name":"(anonymous_0)","decl":{"start":{"line":13,"column":21},"end":{"line":13,"column":22}},"loc":{"start":{"line":13,"column":61},"end":{"line":20,"column":1}},"line":13}},"branchMap":{"0":{"loc":{"start":{"line":13,"column":23},"end":{"line":13,"column":32}},"type":"default-arg","locations":[{"start":{"line":13,"column":30},"end":{"line":13,"column":32}}],"line":13}},"s":{"0":1,"1":1,"2":1,"3":1},"f":{"0":1},"b":{"0":[1]},"_coverageSchema":"1a1c01bbd47fc00a2c39e90264f33305004495a9","hash":"32492b2837dec0d5f3f3305f192424b9fe2a7f90"}
,"/Users/ayushagrawal/code/Investec/src/@Redux/actions/userActions.js": {"path":"/Users/ayushagrawal/code/Investec/src/@Redux/actions/userActions.js","statementMap":{"0":{"start":{"line":11,"column":29},"end":{"line":16,"column":1}},"1":{"start":{"line":12,"column":4},"end":{"line":15,"column":6}}},"fnMap":{"0":{"name":"(anonymous_0)","decl":{"start":{"line":11,"column":29},"end":{"line":11,"column":30}},"loc":{"start":{"line":11,"column":72},"end":{"line":16,"column":1}},"line":11}},"branchMap":{"0":{"loc":{"start":{"line":11,"column":30},"end":{"line":11,"column":51}},"type":"default-arg","locations":[{"start":{"line":11,"column":49},"end":{"line":11,"column":51}}],"line":11}},"s":{"0":3,"1":1},"f":{"0":1},"b":{"0":[0]},"_coverageSchema":"1a1c01bbd47fc00a2c39e90264f33305004495a9","hash":"5745e82e329f1237b5dbcca8403864c2f38f52c9"}
,"/Users/ayushagrawal/code/Investec/src/@Redux/constants/user.constant.js": {"path":"/Users/ayushagrawal/code/Investec/src/@Redux/constants/user.constant.js","statementMap":{"0":{"start":{"line":7,"column":32},"end":{"line":7,"column":50}}},"fnMap":{},"branchMap":{},"s":{"0":3},"f":{},"b":{},"_coverageSchema":"1a1c01bbd47fc00a2c39e90264f33305004495a9","hash":"1018391dce390b6f5997893031396c8a86d16a16"}
,"/Users/ayushagrawal/code/Investec/src/@Redux/reducers/index.js": {"path":"/Users/ayushagrawal/code/Investec/src/@Redux/reducers/index.js","statementMap":{"0":{"start":{"line":12,"column":15},"end":{"line":15,"column":1}},"1":{"start":{"line":17,"column":20},"end":{"line":19,"column":1}},"2":{"start":{"line":21,"column":19},"end":{"line":21,"column":61}},"3":{"start":{"line":23,"column":22},"end":{"line":25,"column":1}},"4":{"start":{"line":24,"column":4},"end":{"line":24,"column":37}}},"fnMap":{"0":{"name":"(anonymous_0)","decl":{"start":{"line":23,"column":22},"end":{"line":23,"column":23}},"loc":{"start":{"line":23,"column":75},"end":{"line":25,"column":1}},"line":23}},"branchMap":{},"s":{"0":1,"1":1,"2":1,"3":1,"4":2},"f":{"0":2},"b":{},"_coverageSchema":"1a1c01bbd47fc00a2c39e90264f33305004495a9","hash":"ee479d1224ca01a66628f71afcbe027bc8b4e820"}
,"/Users/ayushagrawal/code/Investec/src/@Redux/reducers/userReducer.js": {"path":"/Users/ayushagrawal/code/Investec/src/@Redux/reducers/userReducer.js","statementMap":{"0":{"start":{"line":13,"column":21},"end":{"line":15,"column":1}},"1":{"start":{"line":18,"column":21},"end":{"line":28,"column":1}},"2":{"start":{"line":19,"column":28},"end":{"line":19,"column":34}},"3":{"start":{"line":20,"column":4},"end":{"line":27,"column":5}},"4":{"start":{"line":23,"column":8},"end":{"line":23,"column":43}},"5":{"start":{"line":26,"column":8},"end":{"line":26,"column":21}}},"fnMap":{"0":{"name":"(anonymous_0)","decl":{"start":{"line":18,"column":21},"end":{"line":18,"column":22}},"loc":{"start":{"line":18,"column":85},"end":{"line":28,"column":1}},"line":18}},"branchMap":{"0":{"loc":{"start":{"line":18,"column":22},"end":{"line":18,"column":51}},"type":"default-arg","locations":[{"start":{"line":18,"column":39},"end":{"line":18,"column":51}}],"line":18},"1":{"loc":{"start":{"line":20,"column":4},"end":{"line":27,"column":5}},"type":"switch","locations":[{"start":{"line":22,"column":4},"end":{"line":23,"column":43}},{"start":{"line":25,"column":4},"end":{"line":26,"column":21}}],"line":20}},"s":{"0":1,"1":1,"2":4,"3":4,"4":0,"5":4},"f":{"0":4},"b":{"0":[3],"1":[0,4]},"_coverageSchema":"1a1c01bbd47fc00a2c39e90264f33305004495a9","hash":"b513c8335690d349fd1bd1c682cf0effc139f021"}
,"/Users/ayushagrawal/code/Investec/src/@Redux/store/index.js": {"path":"/Users/ayushagrawal/code/Investec/src/@Redux/store/index.js","statementMap":{"0":{"start":{"line":10,"column":29},"end":{"line":12,"column":1}}},"fnMap":{},"branchMap":{},"s":{"0":1},"f":{},"b":{},"_coverageSchema":"1a1c01bbd47fc00a2c39e90264f33305004495a9","hash":"550bb23ca3222f8ddf9c9568abf0db32e83d01e8"}
,"/Users/ayushagrawal/code/Investec/src/@Routing/AuthNavigator.js": {"path":"/Users/ayushagrawal/code/Investec/src/@Routing/AuthNavigator.js","statementMap":{"0":{"start":{"line":16,"column":14},"end":{"line":16,"column":36}},"1":{"start":{"line":17,"column":26},"end":{"line":17,"column":46}},"2":{"start":{"line":19,"column":22},"end":{"line":46,"column":1}},"3":{"start":{"line":20,"column":4},"end":{"line":45,"column":6}}},"fnMap":{"0":{"name":"(anonymous_0)","decl":{"start":{"line":19,"column":22},"end":{"line":19,"column":23}},"loc":{"start":{"line":19,"column":39},"end":{"line":46,"column":1}},"line":19}},"branchMap":{},"s":{"0":1,"1":1,"2":1,"3":0},"f":{"0":0},"b":{},"_coverageSchema":"1a1c01bbd47fc00a2c39e90264f33305004495a9","hash":"f91017c318fcad99c727761c6c9b75524683b098"}
,"/Users/ayushagrawal/code/Investec/src/@Routing/index.js": {"path":"/Users/ayushagrawal/code/Investec/src/@Routing/index.js","statementMap":{},"fnMap":{},"branchMap":{},"s":{},"f":{},"b":{},"_coverageSchema":"1a1c01bbd47fc00a2c39e90264f33305004495a9","hash":"1a72d24b42a07b8a27a057a7f92f19cbf6b82b90"}
,"/Users/ayushagrawal/code/Investec/src/@Screens/Auth/Buttons/index.js": {"path":"/Users/ayushagrawal/code/Investec/src/@Screens/Auth/Buttons/index.js","statementMap":{"0":{"start":{"line":16,"column":41},"end":{"line":16,"column":47}},"1":{"start":{"line":17,"column":21},"end":{"line":17,"column":136}},"2":{"start":{"line":17,"column":27},"end":{"line":17,"column":136}},"3":{"start":{"line":25,"column":21},"end":{"line":76,"column":1}},"4":{"start":{"line":27,"column":60},"end":{"line":27,"column":65}},"5":{"start":{"line":28,"column":38},"end":{"line":28,"column":53}},"6":{"start":{"line":30,"column":29},"end":{"line":35,"column":5}},"7":{"start":{"line":31,"column":8},"end":{"line":31,"column":28}},"8":{"start":{"line":32,"column":8},"end":{"line":32,"column":25}},"9":{"start":{"line":33,"column":8},"end":{"line":33,"column":41}},"10":{"start":{"line":34,"column":8},"end":{"line":34,"column":26}},"11":{"start":{"line":37,"column":24},"end":{"line":59,"column":5}},"12":{"start":{"line":38,"column":8},"end":{"line":58,"column":10}},"13":{"start":{"line":42,"column":20},"end":{"line":42,"column":40}},"14":{"start":{"line":49,"column":104},"end":{"line":49,"column":123}},"15":{"start":{"line":51,"column":117},"end":{"line":51,"column":155}},"16":{"start":{"line":52,"column":118},"end":{"line":52,"column":157}},"17":{"start":{"line":53,"column":119},"end":{"line":53,"column":159}},"18":{"start":{"line":55,"column":121},"end":{"line":55,"column":140}},"19":{"start":{"line":61,"column":4},"end":{"line":75,"column":6}},"20":{"start":{"line":68,"column":111},"end":{"line":68,"column":129}},"21":{"start":{"line":69,"column":110},"end":{"line":69,"column":128}},"22":{"start":{"line":70,"column":69},"end":{"line":70,"column":87}},"23":{"start":{"line":71,"column":78},"end":{"line":71,"column":96}},"24":{"start":{"line":80,"column":23},"end":{"line":84,"column":1}},"25":{"start":{"line":81,"column":4},"end":{"line":83,"column":6}},"26":{"start":{"line":86,"column":32},"end":{"line":89,"column":2}},"27":{"start":{"line":86,"column":45},"end":{"line":89,"column":1}},"28":{"start":{"line":88,"column":8},"end":{"line":88,"column":54}}},"fnMap":{"0":{"name":"(anonymous_0)","decl":{"start":{"line":17,"column":21},"end":{"line":17,"column":22}},"loc":{"start":{"line":17,"column":27},"end":{"line":17,"column":136}},"line":17},"1":{"name":"(anonymous_1)","decl":{"start":{"line":25,"column":21},"end":{"line":25,"column":22}},"loc":{"start":{"line":25,"column":42},"end":{"line":76,"column":1}},"line":25},"2":{"name":"(anonymous_2)","decl":{"start":{"line":30,"column":29},"end":{"line":30,"column":30}},"loc":{"start":{"line":30,"column":34},"end":{"line":35,"column":5}},"line":30},"3":{"name":"(anonymous_3)","decl":{"start":{"line":37,"column":24},"end":{"line":37,"column":25}},"loc":{"start":{"line":37,"column":29},"end":{"line":59,"column":5}},"line":37},"4":{"name":"(anonymous_4)","decl":{"start":{"line":41,"column":32},"end":{"line":41,"column":33}},"loc":{"start":{"line":41,"column":38},"end":{"line":43,"column":17}},"line":41},"5":{"name":"(anonymous_5)","decl":{"start":{"line":49,"column":100},"end":{"line":49,"column":101}},"loc":{"start":{"line":49,"column":104},"end":{"line":49,"column":123}},"line":49},"6":{"name":"(anonymous_6)","decl":{"start":{"line":51,"column":112},"end":{"line":51,"column":113}},"loc":{"start":{"line":51,"column":116},"end":{"line":51,"column":156}},"line":51},"7":{"name":"(anonymous_7)","decl":{"start":{"line":52,"column":113},"end":{"line":52,"column":114}},"loc":{"start":{"line":52,"column":117},"end":{"line":52,"column":158}},"line":52},"8":{"name":"(anonymous_8)","decl":{"start":{"line":53,"column":114},"end":{"line":53,"column":115}},"loc":{"start":{"line":53,"column":118},"end":{"line":53,"column":160}},"line":53},"9":{"name":"(anonymous_9)","decl":{"start":{"line":55,"column":116},"end":{"line":55,"column":117}},"loc":{"start":{"line":55,"column":120},"end":{"line":55,"column":141}},"line":55},"10":{"name":"(anonymous_10)","decl":{"start":{"line":68,"column":107},"end":{"line":68,"column":108}},"loc":{"start":{"line":68,"column":111},"end":{"line":68,"column":129}},"line":68},"11":{"name":"(anonymous_11)","decl":{"start":{"line":69,"column":106},"end":{"line":69,"column":107}},"loc":{"start":{"line":69,"column":110},"end":{"line":69,"column":128}},"line":69},"12":{"name":"(anonymous_12)","decl":{"start":{"line":70,"column":65},"end":{"line":70,"column":66}},"loc":{"start":{"line":70,"column":69},"end":{"line":70,"column":87}},"line":70},"13":{"name":"(anonymous_13)","decl":{"start":{"line":71,"column":74},"end":{"line":71,"column":75}},"loc":{"start":{"line":71,"column":78},"end":{"line":71,"column":96}},"line":71},"14":{"name":"(anonymous_14)","decl":{"start":{"line":80,"column":23},"end":{"line":80,"column":24}},"loc":{"start":{"line":80,"column":51},"end":{"line":84,"column":1}},"line":80},"15":{"name":"(anonymous_15)","decl":{"start":{"line":86,"column":32},"end":{"line":86,"column":33}},"loc":{"start":{"line":86,"column":45},"end":{"line":89,"column":1}},"line":86},"16":{"name":"(anonymous_16)","decl":{"start":{"line":87,"column":19},"end":{"line":87,"column":20}},"loc":{"start":{"line":88,"column":8},"end":{"line":88,"column":54}},"line":88}},"branchMap":{"0":{"loc":{"start":{"line":65,"column":16},"end":{"line":65,"column":92}},"type":"binary-expr","locations":[{"start":{"line":65,"column":17},"end":{"line":65,"column":30}},{"start":{"line":65,"column":35},"end":{"line":65,"column":92}}],"line":65}},"s":{"0":2,"1":2,"2":0,"3":2,"4":3,"5":3,"6":3,"7":0,"8":0,"9":0,"10":0,"11":3,"12":3,"13":0,"14":0,"15":0,"16":0,"17":0,"18":0,"19":3,"20":1,"21":0,"22":0,"23":0,"24":2,"25":2,"26":2,"27":2,"28":0},"f":{"0":0,"1":3,"2":0,"3":3,"4":0,"5":0,"6":0,"7":0,"8":0,"9":0,"10":1,"11":0,"12":0,"13":0,"14":2,"15":2,"16":0},"b":{"0":[3,3]},"_coverageSchema":"1a1c01bbd47fc00a2c39e90264f33305004495a9","hash":"66da94a9223061bdb7b4e7ee2c1e511b9259f54d"}
,"/Users/ayushagrawal/code/Investec/src/@Screens/Auth/Buttons/styles.js": {"path":"/Users/ayushagrawal/code/Investec/src/@Screens/Auth/Buttons/styles.js","statementMap":{"0":{"start":{"line":9,"column":26},"end":{"line":9,"column":32}},"1":{"start":{"line":12,"column":24},"end":{"line":81,"column":2}}},"fnMap":{},"branchMap":{},"s":{"0":2,"1":2},"f":{},"b":{},"_coverageSchema":"1a1c01bbd47fc00a2c39e90264f33305004495a9","hash":"9ab8e170c75a4507097094afe061541e14710ffa"}
,"/Users/ayushagrawal/code/Investec/src/@Screens/Auth/Login/index.js": {"path":"/Users/ayushagrawal/code/Investec/src/@Screens/Auth/Login/index.js","statementMap":{"0":{"start":{"line":15,"column":17},"end":{"line":15,"column":23}},"1":{"start":{"line":23,"column":20},"end":{"line":79,"column":1}},"2":{"start":{"line":28,"column":8},"end":{"line":28,"column":13}},"3":{"start":{"line":30,"column":28},"end":{"line":30,"column":40}},"4":{"start":{"line":32,"column":23},"end":{"line":44,"column":5}},"5":{"start":{"line":33,"column":8},"end":{"line":33,"column":27}},"6":{"start":{"line":34,"column":8},"end":{"line":43,"column":41}},"7":{"start":{"line":36,"column":12},"end":{"line":36,"column":33}},"8":{"start":{"line":37,"column":12},"end":{"line":37,"column":24}},"9":{"start":{"line":43,"column":12},"end":{"line":43,"column":41}},"10":{"start":{"line":46,"column":26},"end":{"line":64,"column":5}},"11":{"start":{"line":47,"column":8},"end":{"line":63,"column":15}},"12":{"start":{"line":52,"column":20},"end":{"line":52,"column":33}},"13":{"start":{"line":54,"column":39},"end":{"line":54,"column":51}},"14":{"start":{"line":62,"column":114},"end":{"line":62,"column":126}},"15":{"start":{"line":66,"column":4},"end":{"line":78,"column":6}},"16":{"start":{"line":73,"column":73},"end":{"line":73,"column":92}},"17":{"start":{"line":74,"column":73},"end":{"line":74,"column":91}},"18":{"start":{"line":75,"column":75},"end":{"line":75,"column":94}},"19":{"start":{"line":81,"column":23},"end":{"line":83,"column":1}},"20":{"start":{"line":82,"column":4},"end":{"line":82,"column":14}},"21":{"start":{"line":85,"column":26},"end":{"line":88,"column":2}},"22":{"start":{"line":85,"column":39},"end":{"line":88,"column":1}},"23":{"start":{"line":87,"column":8},"end":{"line":87,"column":54}}},"fnMap":{"0":{"name":"(anonymous_0)","decl":{"start":{"line":23,"column":20},"end":{"line":23,"column":21}},"loc":{"start":{"line":23,"column":41},"end":{"line":79,"column":1}},"line":23},"1":{"name":"(anonymous_1)","decl":{"start":{"line":32,"column":23},"end":{"line":32,"column":24}},"loc":{"start":{"line":32,"column":28},"end":{"line":44,"column":5}},"line":32},"2":{"name":"(anonymous_2)","decl":{"start":{"line":46,"column":26},"end":{"line":46,"column":27}},"loc":{"start":{"line":47,"column":8},"end":{"line":63,"column":15}},"line":47},"3":{"name":"(anonymous_3)","decl":{"start":{"line":51,"column":30},"end":{"line":51,"column":31}},"loc":{"start":{"line":51,"column":37},"end":{"line":53,"column":17}},"line":51},"4":{"name":"(anonymous_4)","decl":{"start":{"line":54,"column":33},"end":{"line":54,"column":34}},"loc":{"start":{"line":54,"column":39},"end":{"line":54,"column":51}},"line":54},"5":{"name":"(anonymous_5)","decl":{"start":{"line":62,"column":110},"end":{"line":62,"column":111}},"loc":{"start":{"line":62,"column":114},"end":{"line":62,"column":126}},"line":62},"6":{"name":"(anonymous_6)","decl":{"start":{"line":73,"column":69},"end":{"line":73,"column":70}},"loc":{"start":{"line":73,"column":73},"end":{"line":73,"column":92}},"line":73},"7":{"name":"(anonymous_7)","decl":{"start":{"line":74,"column":69},"end":{"line":74,"column":70}},"loc":{"start":{"line":74,"column":73},"end":{"line":74,"column":91}},"line":74},"8":{"name":"(anonymous_8)","decl":{"start":{"line":75,"column":71},"end":{"line":75,"column":72}},"loc":{"start":{"line":75,"column":75},"end":{"line":75,"column":94}},"line":75},"9":{"name":"(anonymous_9)","decl":{"start":{"line":81,"column":23},"end":{"line":81,"column":24}},"loc":{"start":{"line":81,"column":28},"end":{"line":83,"column":1}},"line":81},"10":{"name":"(anonymous_10)","decl":{"start":{"line":85,"column":26},"end":{"line":85,"column":27}},"loc":{"start":{"line":85,"column":39},"end":{"line":88,"column":1}},"line":85},"11":{"name":"(anonymous_11)","decl":{"start":{"line":86,"column":19},"end":{"line":86,"column":20}},"loc":{"start":{"line":87,"column":8},"end":{"line":87,"column":54}},"line":87}},"branchMap":{"0":{"loc":{"start":{"line":34,"column":8},"end":{"line":43,"column":41}},"type":"if","locations":[{"start":{"line":34,"column":8},"end":{"line":43,"column":41}},{"start":{"line":34,"column":8},"end":{"line":43,"column":41}}],"line":34}},"s":{"0":2,"1":2,"2":4,"3":4,"4":4,"5":1,"6":1,"7":1,"8":1,"9":0,"10":4,"11":4,"12":1,"13":0,"14":1,"15":4,"16":1,"17":1,"18":0,"19":2,"20":2,"21":2,"22":2,"23":1},"f":{"0":4,"1":1,"2":4,"3":1,"4":0,"5":1,"6":1,"7":1,"8":0,"9":2,"10":2,"11":1},"b":{"0":[1,0]},"_coverageSchema":"1a1c01bbd47fc00a2c39e90264f33305004495a9","hash":"d37f6a4ba15f2ac8759da3c28b9dc2850b59f890"}
,"/Users/ayushagrawal/code/Investec/src/@Screens/Auth/Login/styles.js": {"path":"/Users/ayushagrawal/code/Investec/src/@Screens/Auth/Login/styles.js","statementMap":{"0":{"start":{"line":9,"column":22},"end":{"line":59,"column":2}}},"fnMap":{},"branchMap":{},"s":{"0":2},"f":{},"b":{},"_coverageSchema":"1a1c01bbd47fc00a2c39e90264f33305004495a9","hash":"84c34dc0e8af732e45a46fda69caa07db6b83bab"}
,"/Users/ayushagrawal/code/Investec/src/@Screens/Auth/Native/index.js": {"path":"/Users/ayushagrawal/code/Investec/src/@Screens/Auth/Native/index.js","statementMap":{"0":{"start":{"line":13,"column":16},"end":{"line":13,"column":22}},"1":{"start":{"line":15,"column":42},"end":{"line":15,"column":55}},"2":{"start":{"line":16,"column":27},"end":{"line":16,"column":45}},"3":{"start":{"line":17,"column":23},"end":{"line":17,"column":35}},"4":{"start":{"line":26,"column":21},"end":{"line":69,"column":1}},"5":{"start":{"line":28,"column":45},"end":{"line":28,"column":50}},"6":{"start":{"line":29,"column":43},"end":{"line":29,"column":58}},"7":{"start":{"line":31,"column":4},"end":{"line":33,"column":10}},"8":{"start":{"line":32,"column":8},"end":{"line":32,"column":22}},"9":{"start":{"line":36,"column":24},"end":{"line":43,"column":5}},"10":{"start":{"line":37,"column":25},"end":{"line":37,"column":30}},"11":{"start":{"line":38,"column":8},"end":{"line":41,"column":64}},"12":{"start":{"line":39,"column":12},"end":{"line":39,"column":60}},"13":{"start":{"line":41,"column":12},"end":{"line":41,"column":64}},"14":{"start":{"line":42,"column":8},"end":{"line":42,"column":35}},"15":{"start":{"line":45,"column":23},"end":{"line":53,"column":5}},"16":{"start":{"line":46,"column":8},"end":{"line":51,"column":14}},"17":{"start":{"line":47,"column":12},"end":{"line":51,"column":14}},"18":{"start":{"line":52,"column":8},"end":{"line":52,"column":20}},"19":{"start":{"line":55,"column":4},"end":{"line":68,"column":6}},"20":{"start":{"line":63,"column":73},"end":{"line":63,"column":92}},"21":{"start":{"line":64,"column":71},"end":{"line":64,"column":88}},"22":{"start":{"line":65,"column":75},"end":{"line":65,"column":94}},"23":{"start":{"line":71,"column":23},"end":{"line":75,"column":1}},"24":{"start":{"line":72,"column":4},"end":{"line":74,"column":6}}},"fnMap":{"0":{"name":"(anonymous_0)","decl":{"start":{"line":26,"column":21},"end":{"line":26,"column":22}},"loc":{"start":{"line":26,"column":44},"end":{"line":69,"column":1}},"line":26},"1":{"name":"(anonymous_1)","decl":{"start":{"line":31,"column":14},"end":{"line":31,"column":15}},"loc":{"start":{"line":31,"column":18},"end":{"line":33,"column":5}},"line":31},"2":{"name":"(anonymous_2)","decl":{"start":{"line":36,"column":24},"end":{"line":36,"column":25}},"loc":{"start":{"line":36,"column":34},"end":{"line":43,"column":5}},"line":36},"3":{"name":"(anonymous_3)","decl":{"start":{"line":45,"column":23},"end":{"line":45,"column":24}},"loc":{"start":{"line":45,"column":28},"end":{"line":53,"column":5}},"line":45},"4":{"name":"(anonymous_4)","decl":{"start":{"line":63,"column":69},"end":{"line":63,"column":70}},"loc":{"start":{"line":63,"column":73},"end":{"line":63,"column":92}},"line":63},"5":{"name":"(anonymous_5)","decl":{"start":{"line":64,"column":67},"end":{"line":64,"column":68}},"loc":{"start":{"line":64,"column":71},"end":{"line":64,"column":88}},"line":64},"6":{"name":"(anonymous_6)","decl":{"start":{"line":65,"column":71},"end":{"line":65,"column":72}},"loc":{"start":{"line":65,"column":75},"end":{"line":65,"column":94}},"line":65},"7":{"name":"(anonymous_7)","decl":{"start":{"line":71,"column":23},"end":{"line":71,"column":24}},"loc":{"start":{"line":71,"column":51},"end":{"line":75,"column":1}},"line":71}},"branchMap":{"0":{"loc":{"start":{"line":38,"column":8},"end":{"line":41,"column":64}},"type":"if","locations":[{"start":{"line":38,"column":8},"end":{"line":41,"column":64}},{"start":{"line":38,"column":8},"end":{"line":41,"column":64}}],"line":38},"1":{"loc":{"start":{"line":46,"column":8},"end":{"line":51,"column":14}},"type":"if","locations":[{"start":{"line":46,"column":8},"end":{"line":51,"column":14}},{"start":{"line":46,"column":8},"end":{"line":51,"column":14}}],"line":46},"2":{"loc":{"start":{"line":49,"column":73},"end":{"line":49,"column":121}},"type":"cond-expr","locations":[{"start":{"line":49,"column":97},"end":{"line":49,"column":108}},{"start":{"line":49,"column":111},"end":{"line":49,"column":121}}],"line":49},"3":{"loc":{"start":{"line":59,"column":16},"end":{"line":59,"column":92}},"type":"binary-expr","locations":[{"start":{"line":59,"column":17},"end":{"line":59,"column":30}},{"start":{"line":59,"column":35},"end":{"line":59,"column":92}}],"line":59}},"s":{"0":2,"1":2,"2":2,"3":2,"4":2,"5":2,"6":2,"7":2,"8":2,"9":2,"10":2,"11":2,"12":2,"13":0,"14":0,"15":2,"16":2,"17":0,"18":2,"19":2,"20":0,"21":1,"22":0,"23":2,"24":2},"f":{"0":2,"1":2,"2":2,"3":2,"4":0,"5":1,"6":0,"7":2},"b":{"0":[2,0],"1":[0,2],"2":[0,0],"3":[2,2]},"_coverageSchema":"1a1c01bbd47fc00a2c39e90264f33305004495a9","hash":"3338d091ce6608e6ea503751158c1d836074d318"}
,"/Users/ayushagrawal/code/Investec/src/@Screens/Auth/Native/styles.js": {"path":"/Users/ayushagrawal/code/Investec/src/@Screens/Auth/Native/styles.js","statementMap":{"0":{"start":{"line":10,"column":23},"end":{"line":10,"column":29}},"1":{"start":{"line":12,"column":24},"end":{"line":43,"column":2}}},"fnMap":{},"branchMap":{},"s":{"0":2,"1":2},"f":{},"b":{},"_coverageSchema":"1a1c01bbd47fc00a2c39e90264f33305004495a9","hash":"e6e7be5edf89acf3b36ac38666f36b688f781aa9"}
,"/Users/ayushagrawal/code/Investec/src/@Screens/Auth/Utility/index.js": {"path":"/Users/ayushagrawal/code/Investec/src/@Screens/Auth/Utility/index.js","statementMap":{"0":{"start":{"line":19,"column":17},"end":{"line":19,"column":23}},"1":{"start":{"line":26,"column":13},"end":{"line":26,"column":36}},"2":{"start":{"line":27,"column":13},"end":{"line":27,"column":38}},"3":{"start":{"line":29,"column":13},"end":{"line":29,"column":24}},"4":{"start":{"line":30,"column":13},"end":{"line":30,"column":39}},"5":{"start":{"line":32,"column":15},"end":{"line":32,"column":18}},"6":{"start":{"line":33,"column":15},"end":{"line":33,"column":18}},"7":{"start":{"line":35,"column":22},"end":{"line":98,"column":1}},"8":{"start":{"line":36,"column":45},"end":{"line":36,"column":50}},"9":{"start":{"line":38,"column":22},"end":{"line":40,"column":5}},"10":{"start":{"line":39,"column":8},"end":{"line":39,"column":37}},"11":{"start":{"line":42,"column":26},"end":{"line":54,"column":5}},"12":{"start":{"line":43,"column":30},"end":{"line":43,"column":56}},"13":{"start":{"line":44,"column":8},"end":{"line":52,"column":14}},"14":{"start":{"line":45,"column":12},"end":{"line":52,"column":14}},"15":{"start":{"line":53,"column":8},"end":{"line":53,"column":20}},"16":{"start":{"line":55,"column":25},"end":{"line":67,"column":5}},"17":{"start":{"line":56,"column":29},"end":{"line":56,"column":54}},"18":{"start":{"line":57,"column":8},"end":{"line":65,"column":14}},"19":{"start":{"line":58,"column":12},"end":{"line":65,"column":14}},"20":{"start":{"line":66,"column":8},"end":{"line":66,"column":20}},"21":{"start":{"line":68,"column":40},"end":{"line":80,"column":5}},"22":{"start":{"line":69,"column":30},"end":{"line":69,"column":66}},"23":{"start":{"line":70,"column":8},"end":{"line":78,"column":14}},"24":{"start":{"line":71,"column":12},"end":{"line":78,"column":14}},"25":{"start":{"line":79,"column":8},"end":{"line":79,"column":20}},"26":{"start":{"line":82,"column":4},"end":{"line":97,"column":6}},"27":{"start":{"line":92,"column":73},"end":{"line":92,"column":92}},"28":{"start":{"line":93,"column":73},"end":{"line":93,"column":91}},"29":{"start":{"line":94,"column":71},"end":{"line":94,"column":88}},"30":{"start":{"line":101,"column":23},"end":{"line":105,"column":1}},"31":{"start":{"line":102,"column":4},"end":{"line":104,"column":6}}},"fnMap":{"0":{"name":"(anonymous_0)","decl":{"start":{"line":35,"column":22},"end":{"line":35,"column":23}},"loc":{"start":{"line":35,"column":45},"end":{"line":98,"column":1}},"line":35},"1":{"name":"(anonymous_1)","decl":{"start":{"line":38,"column":22},"end":{"line":38,"column":23}},"loc":{"start":{"line":38,"column":33},"end":{"line":40,"column":5}},"line":38},"2":{"name":"(anonymous_2)","decl":{"start":{"line":42,"column":26},"end":{"line":42,"column":27}},"loc":{"start":{"line":42,"column":31},"end":{"line":54,"column":5}},"line":42},"3":{"name":"(anonymous_3)","decl":{"start":{"line":55,"column":25},"end":{"line":55,"column":26}},"loc":{"start":{"line":55,"column":30},"end":{"line":67,"column":5}},"line":55},"4":{"name":"(anonymous_4)","decl":{"start":{"line":68,"column":40},"end":{"line":68,"column":41}},"loc":{"start":{"line":68,"column":45},"end":{"line":80,"column":5}},"line":68},"5":{"name":"(anonymous_5)","decl":{"start":{"line":92,"column":69},"end":{"line":92,"column":70}},"loc":{"start":{"line":92,"column":73},"end":{"line":92,"column":92}},"line":92},"6":{"name":"(anonymous_6)","decl":{"start":{"line":93,"column":69},"end":{"line":93,"column":70}},"loc":{"start":{"line":93,"column":73},"end":{"line":93,"column":91}},"line":93},"7":{"name":"(anonymous_7)","decl":{"start":{"line":94,"column":67},"end":{"line":94,"column":68}},"loc":{"start":{"line":94,"column":71},"end":{"line":94,"column":88}},"line":94},"8":{"name":"(anonymous_8)","decl":{"start":{"line":101,"column":23},"end":{"line":101,"column":24}},"loc":{"start":{"line":101,"column":51},"end":{"line":105,"column":1}},"line":101}},"branchMap":{"0":{"loc":{"start":{"line":44,"column":8},"end":{"line":52,"column":14}},"type":"if","locations":[{"start":{"line":44,"column":8},"end":{"line":52,"column":14}},{"start":{"line":44,"column":8},"end":{"line":52,"column":14}}],"line":44},"1":{"loc":{"start":{"line":57,"column":8},"end":{"line":65,"column":14}},"type":"if","locations":[{"start":{"line":57,"column":8},"end":{"line":65,"column":14}},{"start":{"line":57,"column":8},"end":{"line":65,"column":14}}],"line":57},"2":{"loc":{"start":{"line":70,"column":8},"end":{"line":78,"column":14}},"type":"if","locations":[{"start":{"line":70,"column":8},"end":{"line":78,"column":14}},{"start":{"line":70,"column":8},"end":{"line":78,"column":14}}],"line":70},"3":{"loc":{"start":{"line":85,"column":13},"end":{"line":85,"column":89}},"type":"binary-expr","locations":[{"start":{"line":85,"column":14},"end":{"line":85,"column":27}},{"start":{"line":85,"column":32},"end":{"line":85,"column":89}}],"line":85}},"s":{"0":2,"1":2,"2":2,"3":2,"4":2,"5":2,"6":2,"7":2,"8":1,"9":1,"10":6,"11":1,"12":1,"13":1,"14":1,"15":0,"16":1,"17":1,"18":1,"19":1,"20":0,"21":1,"22":1,"23":1,"24":1,"25":0,"26":1,"27":0,"28":0,"29":0,"30":2,"31":1},"f":{"0":1,"1":6,"2":1,"3":1,"4":1,"5":0,"6":0,"7":0,"8":1},"b":{"0":[1,0],"1":[1,0],"2":[1,0],"3":[1,1]},"_coverageSchema":"1a1c01bbd47fc00a2c39e90264f33305004495a9","hash":"93d9df9ef1dbff95641975f769057778d09b8147"}
,"/Users/ayushagrawal/code/Investec/src/@Screens/Auth/Utility/styles.js": {"path":"/Users/ayushagrawal/code/Investec/src/@Screens/Auth/Utility/styles.js","statementMap":{"0":{"start":{"line":10,"column":23},"end":{"line":10,"column":29}},"1":{"start":{"line":12,"column":24},"end":{"line":38,"column":2}}},"fnMap":{},"branchMap":{},"s":{"0":2,"1":2},"f":{},"b":{},"_coverageSchema":"1a1c01bbd47fc00a2c39e90264f33305004495a9","hash":"c609a51b3222f2d952b36aac09d12ee89d2f89db"}
,"/Users/ayushagrawal/code/Investec/src/@Utils/utility.js": {"path":"/Users/ayushagrawal/code/Investec/src/@Utils/utility.js","statementMap":{"0":{"start":{"line":12,"column":31},"end":{"line":16,"column":1}},"1":{"start":{"line":14,"column":4},"end":{"line":15,"column":33}},"2":{"start":{"line":15,"column":8},"end":{"line":15,"column":33}},"3":{"start":{"line":18,"column":30},"end":{"line":21,"column":1}},"4":{"start":{"line":19,"column":4},"end":{"line":20,"column":33}},"5":{"start":{"line":20,"column":8},"end":{"line":20,"column":33}},"6":{"start":{"line":23,"column":37},"end":{"line":28,"column":1}},"7":{"start":{"line":24,"column":4},"end":{"line":25,"column":29}},"8":{"start":{"line":25,"column":8},"end":{"line":25,"column":29}},"9":{"start":{"line":26,"column":4},"end":{"line":27,"column":36}},"10":{"start":{"line":27,"column":8},"end":{"line":27,"column":36}}},"fnMap":{"0":{"name":"(anonymous_0)","decl":{"start":{"line":12,"column":31},"end":{"line":12,"column":32}},"loc":{"start":{"line":12,"column":87},"end":{"line":16,"column":1}},"line":12},"1":{"name":"(anonymous_1)","decl":{"start":{"line":18,"column":30},"end":{"line":18,"column":31}},"loc":{"start":{"line":18,"column":90},"end":{"line":21,"column":1}},"line":18},"2":{"name":"(anonymous_2)","decl":{"start":{"line":23,"column":37},"end":{"line":23,"column":38}},"loc":{"start":{"line":23,"column":105},"end":{"line":28,"column":1}},"line":23}},"branchMap":{"0":{"loc":{"start":{"line":14,"column":4},"end":{"line":15,"column":33}},"type":"if","locations":[{"start":{"line":14,"column":4},"end":{"line":15,"column":33}},{"start":{"line":14,"column":4},"end":{"line":15,"column":33}}],"line":14},"1":{"loc":{"start":{"line":14,"column":7},"end":{"line":14,"column":95}},"type":"binary-expr","locations":[{"start":{"line":14,"column":8},"end":{"line":14,"column":32}},{"start":{"line":14,"column":36},"end":{"line":14,"column":48}},{"start":{"line":14,"column":54},"end":{"line":14,"column":78}},{"start":{"line":14,"column":82},"end":{"line":14,"column":94}}],"line":14},"2":{"loc":{"start":{"line":19,"column":4},"end":{"line":20,"column":33}},"type":"if","locations":[{"start":{"line":19,"column":4},"end":{"line":20,"column":33}},{"start":{"line":19,"column":4},"end":{"line":20,"column":33}}],"line":19},"3":{"loc":{"start":{"line":19,"column":7},"end":{"line":19,"column":49}},"type":"binary-expr","locations":[{"start":{"line":19,"column":7},"end":{"line":19,"column":26}},{"start":{"line":19,"column":30},"end":{"line":19,"column":49}}],"line":19},"4":{"loc":{"start":{"line":24,"column":4},"end":{"line":25,"column":29}},"type":"if","locations":[{"start":{"line":24,"column":4},"end":{"line":25,"column":29}},{"start":{"line":24,"column":4},"end":{"line":25,"column":29}}],"line":24},"5":{"loc":{"start":{"line":24,"column":7},"end":{"line":24,"column":63}},"type":"binary-expr","locations":[{"start":{"line":24,"column":7},"end":{"line":24,"column":33}},{"start":{"line":24,"column":37},"end":{"line":24,"column":63}}],"line":24},"6":{"loc":{"start":{"line":26,"column":4},"end":{"line":27,"column":36}},"type":"if","locations":[{"start":{"line":26,"column":4},"end":{"line":27,"column":36}},{"start":{"line":26,"column":4},"end":{"line":27,"column":36}}],"line":26},"7":{"loc":{"start":{"line":26,"column":7},"end":{"line":26,"column":127}},"type":"binary-expr","locations":[{"start":{"line":26,"column":8},"end":{"line":26,"column":34}},{"start":{"line":26,"column":38},"end":{"line":26,"column":64}},{"start":{"line":26,"column":70},"end":{"line":26,"column":96}},{"start":{"line":26,"column":100},"end":{"line":26,"column":126}}],"line":26}},"s":{"0":3,"1":5,"2":2,"3":3,"4":5,"5":2,"6":3,"7":7,"8":2,"9":5,"10":2},"f":{"0":5,"1":5,"2":7},"b":{"0":[2,3],"1":[5,4,4,3],"2":[2,3],"3":[5,4],"4":[2,5],"5":[7,5],"6":[2,3],"7":[5,4,4,2]},"_coverageSchema":"1a1c01bbd47fc00a2c39e90264f33305004495a9","hash":"ed3df580d11400160fb535cfe0dd317f3617112c"}
}
