TN:
SF:App.js
FN:17,(anonymous_0)
FN:19,(anonymous_1)
FNF:2
FNH:2
FNDA:1,(anonymous_0)
FNDA:1,(anonymous_1)
DA:15,1
DA:17,1
DA:19,1
DA:20,1
DA:23,1
LF:5
LH:5
BRF:0
BRH:0
end_of_record
TN:
SF:src/@Constants/Colors.js
FNF:0
FNH:0
DA:2,6
LF:1
LH:1
BRF:0
BRH:0
end_of_record
TN:
SF:src/@GlobalComponents/Buttons/SwipeButton.js
FN:14,(anonymous_0)
FNF:1
FNH:1
FNDA:3,(anonymous_0)
DA:12,2
DA:14,2
DA:18,3
DA:43,2
LF:4
LH:4
BRF:0
BRH:0
end_of_record
TN:
SF:src/@GlobalComponents/Buttons/index.js
FN:14,(anonymous_0)
FNF:1
FNH:1
FNDA:50,(anonymous_0)
DA:11,6
DA:14,6
DA:18,50
DA:27,6
LF:4
LH:4
BRDA:19,0,0,3
BRDA:19,0,1,47
BRF:2
BRH:2
end_of_record
TN:
SF:src/@GlobalComponents/ScreenLoader/index.js
FN:13,(anonymous_0)
FNF:1
FNH:1
FNDA:1,(anonymous_0)
DA:11,1
DA:13,1
DA:14,1
DA:24,1
LF:4
LH:4
BRDA:13,0,0,1
BRF:1
BRH:1
end_of_record
TN:
SF:src/@Redux/actions/userActions.js
FN:11,(anonymous_0)
FNF:1
FNH:1
FNDA:1,(anonymous_0)
DA:11,3
DA:12,1
LF:2
LH:2
BRDA:11,0,0,0
BRF:1
BRH:0
end_of_record
TN:
SF:src/@Redux/constants/user.constant.js
FNF:0
FNH:0
DA:7,3
LF:1
LH:1
BRF:0
BRH:0
end_of_record
TN:
SF:src/@Redux/reducers/index.js
FN:23,(anonymous_0)
FNF:1
FNH:1
FNDA:2,(anonymous_0)
DA:12,1
DA:17,1
DA:21,1
DA:23,1
DA:24,2
LF:5
LH:5
BRF:0
BRH:0
end_of_record
TN:
SF:src/@Redux/reducers/userReducer.js
FN:18,(anonymous_0)
FNF:1
FNH:1
FNDA:4,(anonymous_0)
DA:13,1
DA:18,1
DA:19,4
DA:20,4
DA:23,0
DA:26,4
LF:6
LH:5
BRDA:18,0,0,3
BRDA:20,1,0,0
BRDA:20,1,1,4
BRF:3
BRH:2
end_of_record
TN:
SF:src/@Redux/store/index.js
FNF:0
FNH:0
DA:10,1
LF:1
LH:1
BRF:0
BRH:0
end_of_record
TN:
SF:src/@Routing/AuthNavigator.js
FN:19,(anonymous_0)
FNF:1
FNH:0
FNDA:0,(anonymous_0)
DA:16,1
DA:17,1
DA:19,1
DA:20,0
LF:4
LH:3
BRF:0
BRH:0
end_of_record
TN:
SF:src/@Routing/index.js
FNF:0
FNH:0
LF:0
LH:0
BRF:0
BRH:0
end_of_record
TN:
SF:src/@Screens/Auth/Buttons/index.js
FN:17,(anonymous_0)
FN:25,(anonymous_1)
FN:30,(anonymous_2)
FN:37,(anonymous_3)
FN:41,(anonymous_4)
FN:49,(anonymous_5)
FN:51,(anonymous_6)
FN:52,(anonymous_7)
FN:53,(anonymous_8)
FN:55,(anonymous_9)
FN:68,(anonymous_10)
FN:69,(anonymous_11)
FN:70,(anonymous_12)
FN:71,(anonymous_13)
FN:80,(anonymous_14)
FN:86,(anonymous_15)
FN:87,(anonymous_16)
FNF:17
FNH:5
FNDA:0,(anonymous_0)
FNDA:3,(anonymous_1)
FNDA:0,(anonymous_2)
FNDA:3,(anonymous_3)
FNDA:0,(anonymous_4)
FNDA:0,(anonymous_5)
FNDA:0,(anonymous_6)
FNDA:0,(anonymous_7)
FNDA:0,(anonymous_8)
FNDA:0,(anonymous_9)
FNDA:1,(anonymous_10)
FNDA:0,(anonymous_11)
FNDA:0,(anonymous_12)
FNDA:0,(anonymous_13)
FNDA:2,(anonymous_14)
FNDA:2,(anonymous_15)
FNDA:0,(anonymous_16)
DA:16,2
DA:17,2
DA:25,2
DA:27,3
DA:28,3
DA:30,3
DA:31,0
DA:32,0
DA:33,0
DA:34,0
DA:37,3
DA:38,3
DA:42,0
DA:49,0
DA:51,0
DA:52,0
DA:53,0
DA:55,0
DA:61,3
DA:68,1
DA:69,0
DA:70,0
DA:71,0
DA:80,2
DA:81,2
DA:86,2
DA:88,0
LF:27
LH:13
BRDA:65,0,0,3
BRDA:65,0,1,3
BRF:2
BRH:2
end_of_record
TN:
SF:src/@Screens/Auth/Buttons/styles.js
FNF:0
FNH:0
DA:9,2
DA:12,2
LF:2
LH:2
BRF:0
BRH:0
end_of_record
TN:
SF:src/@Screens/Auth/Login/index.js
FN:23,(anonymous_0)
FN:32,(anonymous_1)
FN:46,(anonymous_2)
FN:51,(anonymous_3)
FN:54,(anonymous_4)
FN:62,(anonymous_5)
FN:73,(anonymous_6)
FN:74,(anonymous_7)
FN:75,(anonymous_8)
FN:81,(anonymous_9)
FN:85,(anonymous_10)
FN:86,(anonymous_11)
FNF:12
FNH:10
FNDA:4,(anonymous_0)
FNDA:1,(anonymous_1)
FNDA:4,(anonymous_2)
FNDA:1,(anonymous_3)
FNDA:0,(anonymous_4)
FNDA:1,(anonymous_5)
FNDA:1,(anonymous_6)
FNDA:1,(anonymous_7)
FNDA:0,(anonymous_8)
FNDA:2,(anonymous_9)
FNDA:2,(anonymous_10)
FNDA:1,(anonymous_11)
DA:15,2
DA:23,2
DA:28,4
DA:30,4
DA:32,4
DA:33,1
DA:34,1
DA:36,1
DA:37,1
DA:43,0
DA:46,4
DA:47,4
DA:52,1
DA:54,0
DA:62,1
DA:66,4
DA:73,1
DA:74,1
DA:75,0
DA:81,2
DA:82,2
DA:85,2
DA:87,1
LF:23
LH:20
BRDA:34,0,0,1
BRDA:34,0,1,0
BRF:2
BRH:1
end_of_record
TN:
SF:src/@Screens/Auth/Login/styles.js
FNF:0
FNH:0
DA:9,2
LF:1
LH:1
BRF:0
BRH:0
end_of_record
TN:
SF:src/@Screens/Auth/Native/index.js
FN:26,(anonymous_0)
FN:31,(anonymous_1)
FN:36,(anonymous_2)
FN:45,(anonymous_3)
FN:63,(anonymous_4)
FN:64,(anonymous_5)
FN:65,(anonymous_6)
FN:71,(anonymous_7)
FNF:8
FNH:6
FNDA:2,(anonymous_0)
FNDA:2,(anonymous_1)
FNDA:2,(anonymous_2)
FNDA:2,(anonymous_3)
FNDA:0,(anonymous_4)
FNDA:1,(anonymous_5)
FNDA:0,(anonymous_6)
FNDA:2,(anonymous_7)
DA:13,2
DA:15,2
DA:16,2
DA:17,2
DA:26,2
DA:28,2
DA:29,2
DA:31,2
DA:32,2
DA:36,2
DA:37,2
DA:38,2
DA:39,2
DA:41,0
DA:42,0
DA:45,2
DA:46,2
DA:47,0
DA:52,2
DA:55,2
DA:63,0
DA:64,1
DA:65,0
DA:71,2
DA:72,2
LF:25
LH:20
BRDA:38,0,0,2
BRDA:38,0,1,0
BRDA:46,1,0,0
BRDA:46,1,1,2
BRDA:49,2,0,0
BRDA:49,2,1,0
BRDA:59,3,0,2
BRDA:59,3,1,2
BRF:8
BRH:4
end_of_record
TN:
SF:src/@Screens/Auth/Native/styles.js
FNF:0
FNH:0
DA:10,2
DA:12,2
LF:2
LH:2
BRF:0
BRH:0
end_of_record
TN:
SF:src/@Screens/Auth/Utility/index.js
FN:35,(anonymous_0)
FN:38,(anonymous_1)
FN:42,(anonymous_2)
FN:55,(anonymous_3)
FN:68,(anonymous_4)
FN:92,(anonymous_5)
FN:93,(anonymous_6)
FN:94,(anonymous_7)
FN:101,(anonymous_8)
FNF:9
FNH:6
FNDA:1,(anonymous_0)
FNDA:6,(anonymous_1)
FNDA:1,(anonymous_2)
FNDA:1,(anonymous_3)
FNDA:1,(anonymous_4)
FNDA:0,(anonymous_5)
FNDA:0,(anonymous_6)
FNDA:0,(anonymous_7)
FNDA:1,(anonymous_8)
DA:19,2
DA:26,2
DA:27,2
DA:29,2
DA:30,2
DA:32,2
DA:33,2
DA:35,2
DA:36,1
DA:38,1
DA:39,6
DA:42,1
DA:43,1
DA:44,1
DA:45,1
DA:53,0
DA:55,1
DA:56,1
DA:57,1
DA:58,1
DA:66,0
DA:68,1
DA:69,1
DA:70,1
DA:71,1
DA:79,0
DA:82,1
DA:92,0
DA:93,0
DA:94,0
DA:101,2
DA:102,1
LF:32
LH:26
BRDA:44,0,0,1
BRDA:44,0,1,0
BRDA:57,1,0,1
BRDA:57,1,1,0
BRDA:70,2,0,1
BRDA:70,2,1,0
BRDA:85,3,0,1
BRDA:85,3,1,1
BRF:8
BRH:5
end_of_record
TN:
SF:src/@Screens/Auth/Utility/styles.js
FNF:0
FNH:0
DA:10,2
DA:12,2
LF:2
LH:2
BRF:0
BRH:0
end_of_record
TN:
SF:src/@Utils/utility.js
FN:12,(anonymous_0)
FN:18,(anonymous_1)
FN:23,(anonymous_2)
FNF:3
FNH:3
FNDA:5,(anonymous_0)
FNDA:5,(anonymous_1)
FNDA:7,(anonymous_2)
DA:12,3
DA:14,5
DA:15,2
DA:18,3
DA:19,5
DA:20,2
DA:23,3
DA:24,7
DA:25,2
DA:26,5
DA:27,2
LF:11
LH:11
BRDA:14,0,0,2
BRDA:14,0,1,3
BRDA:14,1,0,5
BRDA:14,1,1,4
BRDA:14,1,2,4
BRDA:14,1,3,3
BRDA:19,2,0,2
BRDA:19,2,1,3
BRDA:19,3,0,5
BRDA:19,3,1,4
BRDA:24,4,0,2
BRDA:24,4,1,5
BRDA:24,5,0,7
BRDA:24,5,1,5
BRDA:26,6,0,2
BRDA:26,6,1,3
BRDA:26,7,0,5
BRDA:26,7,1,4
BRDA:26,7,2,4
BRDA:26,7,3,2
BRF:20
BRH:20
end_of_record
